<?xml version="1.0" encoding="UTF-8"?>
<!-- Generated by org.testng.reporters.JUnitReportReporter -->
<testsuite hostname="LAPTOP-C67KOGUS" failures="0" tests="7" name="com.qa.TestScripts.TC_LoginPage" time="2.008" errors="0" timestamp="2023-10-08T22:53:15 IST" skipped="0">
  <testcase classname="com.qa.TestScripts.TC_LoginPage" name="enterUsernameAndPassword" time="0.714"/>
  <system-out/>
  <testcase classname="com.qa.TestScripts.TC_LoginPage" name="enterUsernameAndPassword" time="0.231"/>
  <system-out/>
  <testcase classname="com.qa.TestScripts.TC_LoginPage" name="enterUsernameAndPassword" time="0.532"/>
  <system-out/>
  <testcase classname="com.qa.TestScripts.TC_LoginPage" name="enterUsernameAndPassword" time="0.244"/>
  <system-out/>
  <testcase classname="com.qa.TestScripts.TC_LoginPage" name="enterUsernameAndPassword" time="0.245"/>
  <system-out/>
  <testcase classname="com.qa.TestScripts.TC_LoginPage" name="verifyTitle" time="0.014"/>
  <system-out/>
  <testcase classname="com.qa.TestScripts.TC_LoginPage" name="verifyErrorMessage" time="0.028"/>
  <system-out/>
</testsuite> <!-- com.qa.TestScripts.TC_LoginPage -->
